<?xml version="1.0" encoding="UTF-8"?>
<!-- Generated by org.testng.reporters.JUnitXMLReporter -->
<testsuite hostname="SYSTEM" ignored="0" name="Default test" tests="9" failures="0" timestamp="2022-12-28T13:05:34 GMT+10:00" time="0.13" errors="0">
  <testcase name="tc0005" time="0.01" classname="before_Test_After_Test.TestSuite2"/>
  <testcase name="tc0006" time="0.002" classname="before_Test_After_Test.TestSuite2"/>
  <testcase name="tc0007" time="0.002" classname="before_Test_After_Test.TestSuite2"/>
  <testcase name="tc0008" time="0.004" classname="before_Test_After_Test.TestSuite2"/>
  <testcase name="tc0001" time="0.006" classname="before_Test_After_Test.TestSuite1"/>
  <testcase name="tc0002" time="0.004" classname="before_Test_After_Test.TestSuite1"/>
  <testcase name="tc0003" time="0.001" classname="before_Test_After_Test.TestSuite1"/>
  <testcase name="tc0004" time="0.002" classname="before_Test_After_Test.TestSuite1"/>
  <testcase name="Login" time="0.001" classname="before_Test_After_Test.Test_For_Chrome"/>
</testsuite> <!-- Default test -->
