<?xml version="1.0" encoding="UTF-8"?>
<testng-results skipped="0" failed="0" ignored="0" total="9" passed="9">
  <reporter-output>
  </reporter-output>
  <suite name="Default suite" duration-ms="130" started-at="2022-12-28T13:05:34 GMT+10:00" finished-at="2022-12-28T13:05:34 GMT+10:00">
    <groups>
    </groups>
    <test name="Default test" duration-ms="130" started-at="2022-12-28T13:05:34 GMT+10:00" finished-at="2022-12-28T13:05:34 GMT+10:00">
      <class name="before_Test_After_Test.TestSuite2">
        <test-method status="PASS" signature="beforeSuite()[pri:0, instance:before_Test_After_Test.TestSuite2@103f852]" name="beforeSuite" is-config="true" duration-ms="8" started-at="2022-12-28T13:05:34 GMT+10:00" finished-at="2022-12-28T13:05:34 GMT+10:00">
          <reporter-output>
          </reporter-output>
        </test-method> <!-- beforeSuite -->
        <test-method status="PASS" signature="tc0005()[pri:0, instance:before_Test_After_Test.TestSuite2@103f852]" name="tc0005" duration-ms="10" started-at="2022-12-28T13:05:34 GMT+10:00" finished-at="2022-12-28T13:05:34 GMT+10:00">
          <reporter-output>
          </reporter-output>
        </test-method> <!-- tc0005 -->
        <test-method status="PASS" signature="tc0006()[pri:0, instance:before_Test_After_Test.TestSuite2@103f852]" name="tc0006" duration-ms="2" started-at="2022-12-28T13:05:34 GMT+10:00" finished-at="2022-12-28T13:05:34 GMT+10:00">
          <reporter-output>
          </reporter-output>
        </test-method> <!-- tc0006 -->
        <test-method status="PASS" signature="tc0007()[pri:0, instance:before_Test_After_Test.TestSuite2@103f852]" name="tc0007" duration-ms="2" started-at="2022-12-28T13:05:34 GMT+10:00" finished-at="2022-12-28T13:05:34 GMT+10:00">
          <reporter-output>
          </reporter-output>
        </test-method> <!-- tc0007 -->
        <test-method status="PASS" signature="tc0008()[pri:0, instance:before_Test_After_Test.TestSuite2@103f852]" name="tc0008" duration-ms="4" started-at="2022-12-28T13:05:34 GMT+10:00" finished-at="2022-12-28T13:05:34 GMT+10:00">
          <reporter-output>
          </reporter-output>
        </test-method> <!-- tc0008 -->
      </class> <!-- before_Test_After_Test.TestSuite2 -->
      <class name="before_Test_After_Test.TestSuite1">
        <test-method status="PASS" signature="tc0001()[pri:0, instance:before_Test_After_Test.TestSuite1@7e9a5fbe]" name="tc0001" duration-ms="6" started-at="2022-12-28T13:05:34 GMT+10:00" finished-at="2022-12-28T13:05:34 GMT+10:00">
          <reporter-output>
          </reporter-output>
        </test-method> <!-- tc0001 -->
        <test-method status="PASS" signature="tc0002()[pri:0, instance:before_Test_After_Test.TestSuite1@7e9a5fbe]" name="tc0002" duration-ms="4" started-at="2022-12-28T13:05:34 GMT+10:00" finished-at="2022-12-28T13:05:34 GMT+10:00">
          <reporter-output>
          </reporter-output>
        </test-method> <!-- tc0002 -->
        <test-method status="PASS" signature="tc0003()[pri:0, instance:before_Test_After_Test.TestSuite1@7e9a5fbe]" name="tc0003" duration-ms="1" started-at="2022-12-28T13:05:34 GMT+10:00" finished-at="2022-12-28T13:05:34 GMT+10:00">
          <reporter-output>
          </reporter-output>
        </test-method> <!-- tc0003 -->
        <test-method status="PASS" signature="tc0004()[pri:0, instance:before_Test_After_Test.TestSuite1@7e9a5fbe]" name="tc0004" duration-ms="2" started-at="2022-12-28T13:05:34 GMT+10:00" finished-at="2022-12-28T13:05:34 GMT+10:00">
          <reporter-output>
          </reporter-output>
        </test-method> <!-- tc0004 -->
      </class> <!-- before_Test_After_Test.TestSuite1 -->
      <class name="before_Test_After_Test.Test_For_Chrome">
        <test-method status="PASS" signature="beforeTest()[pri:0, instance:before_Test_After_Test.Test_For_Chrome@44a3ec6b]" name="beforeTest" is-config="true" duration-ms="1" started-at="2022-12-28T13:05:34 GMT+10:00" finished-at="2022-12-28T13:05:34 GMT+10:00">
          <reporter-output>
          </reporter-output>
        </test-method> <!-- beforeTest -->
        <test-method status="PASS" signature="Login()[pri:0, instance:before_Test_After_Test.Test_For_Chrome@44a3ec6b]" name="Login" duration-ms="1" started-at="2022-12-28T13:05:34 GMT+10:00" finished-at="2022-12-28T13:05:34 GMT+10:00">
          <reporter-output>
          </reporter-output>
        </test-method> <!-- Login -->
        <test-method status="PASS" signature="afterTest()[pri:0, instance:before_Test_After_Test.Test_For_Chrome@44a3ec6b]" name="afterTest" is-config="true" duration-ms="0" started-at="2022-12-28T13:05:34 GMT+10:00" finished-at="2022-12-28T13:05:34 GMT+10:00">
          <reporter-output>
          </reporter-output>
        </test-method> <!-- afterTest -->
      </class> <!-- before_Test_After_Test.Test_For_Chrome -->
    </test> <!-- Default test -->
  </suite> <!-- Default suite -->
</testng-results>
